<mule xmlns="http://www.mulesoft.org/schema/mule/core"
      xmlns:xsi="http://www.w3.org/2001/XMLSchema-instance"
      xmlns:symblai="http://www.mulesoft.org/schema/mule/symblai"
      xsi:schemaLocation="http://www.mulesoft.org/schema/mule/core http://www.mulesoft.org/schema/mule/core/current/mule.xsd
          http://www.mulesoft.org/schema/mule/symblai http://www.mulesoft.org/schema/mule/symblai/current/mule-symblai.xsd">

    <symblai:config name="config" configId="configId">
        <symblai:connection requiredParameter="aValue" />
    </symblai:config>

    <flow name="sayHiFlow">
        <symblai:say-hi person="Mariano Gonzalez"/>
    </flow>

    <flow name="retrieveInfoFlow">
        <symblai:retrieve-info config-ref="config"/>
    </flow>

</mule>
